c:\users\liam-\source\repos\quadralemu\quadralemu\x64\release\vc141.pdb
c:\users\liam-\source\repos\quadralemu\quadralemu\x64\release\world.obj
c:\users\liam-\source\repos\quadralemu\quadralemu\x64\release\worldsession.obj
c:\users\liam-\source\repos\quadralemu\quadralemu\x64\release\threadpool.obj
c:\users\liam-\source\repos\quadralemu\quadralemu\x64\release\socket.obj
c:\users\liam-\source\repos\quadralemu\quadralemu\x64\release\player.obj
c:\users\liam-\source\repos\quadralemu\quadralemu\x64\release\packetbuffer.obj
c:\users\liam-\source\repos\quadralemu\quadralemu\x64\release\main.obj
c:\users\liam-\source\repos\quadralemu\quadralemu\x64\release\listener.obj
c:\users\liam-\source\repos\quadralemu\quadralemu\x64\release\room.obj
c:\users\liam-\source\repos\quadralemu\quadralemu\x64\release\quadengine.obj
c:\users\liam-\source\repos\quadralemu\quadralemu\x64\release\pathfinding.obj
c:\users\liam-\source\repos\quadralemu\quadralemu\x64\release\databasemanager.obj
c:\users\liam-\source\repos\quadralemu\quadralemu\x64\release\roommanager.obj
c:\users\liam-\source\repos\quadralemu\quadralemu\x64\release\item.obj
c:\users\liam-\source\repos\quadralemu\quadralemu\x64\release\logger.obj
c:\users\liam-\source\repos\quadralemu\quadralemu\x64\release\schedulewalker.obj
c:\users\liam-\source\repos\quadralemu\quadralemu\x64\release\opcodes.obj
c:\users\liam-\source\repos\quadralemu\quadralemu\x64\release\authenticationhandler.obj
c:\users\liam-\source\repos\quadralemu\quadralemu\x64\release\roomhandler.obj
c:\users\liam-\source\repos\quadralemu\quadralemu\x64\release\playerhandler.obj
c:\users\liam-\source\repos\quadralemu\x64\release\quadralemu.exe
c:\users\liam-\source\repos\quadralemu\x64\release\quadralemu.pdb
c:\users\liam-\source\repos\quadralemu\x64\release\quadralemu.ipdb
c:\users\liam-\source\repos\quadralemu\x64\release\quadralemu.iobj
c:\users\liam-\source\repos\quadralemu\quadralemu\x64\release\quadralemu.tlog\cl.command.1.tlog
c:\users\liam-\source\repos\quadralemu\quadralemu\x64\release\quadralemu.tlog\cl.read.1.tlog
c:\users\liam-\source\repos\quadralemu\quadralemu\x64\release\quadralemu.tlog\cl.write.1.tlog
c:\users\liam-\source\repos\quadralemu\quadralemu\x64\release\quadralemu.tlog\link.command.1.tlog
c:\users\liam-\source\repos\quadralemu\quadralemu\x64\release\quadralemu.tlog\link.read.1.tlog
c:\users\liam-\source\repos\quadralemu\quadralemu\x64\release\quadralemu.tlog\link.write.1.tlog
c:\users\liam-\source\repos\quadralemu\quadralemu\x64\release\quadralemu.tlog\quadralemu.write.1u.tlog
